<?xml version="1.0" encoding="UTF-8"?>
<!-- Generated by org.testng.reporters.JUnitXMLReporter -->
<testsuite ignored="1" hostname="WINDOWS-1DOT8LB" failures="0" tests="3" name="Default test" time="656.346" errors="0" timestamp="2024-01-22T18:06:58 EST">
  <testcase classname="api.test.TC002_DataDrivenTest" name="testPostUser" time="285.575"/>
  <testcase classname="api.test.TC002_DataDrivenTest" name="testPostUser" time="22.787"/>
  <testcase classname="api.test.TC002_DataDrivenTest" name="testPostUser" time="3.435"/>
  <testcase classname="api.test.TC002_DataDrivenTest" name="testDeleteUserByName" time="0.0">
    <ignored/>
  </testcase> <!-- testDeleteUserByName -->
</testsuite> <!-- Default test -->
