<?xml version="1.0" encoding="UTF-8"?>
<testng-results ignored="0" total="4" passed="4" failed="0" skipped="0">
  <reporter-output>
  </reporter-output>
  <suite started-at="2024-01-23T10:57:34 EST" name="PetSuite" finished-at="2024-01-23T10:57:37 EST" duration-ms="3834">
    <groups>
    </groups>
    <test started-at="2024-01-23T10:57:34 EST" name="PetTests" finished-at="2024-01-23T10:57:37 EST" duration-ms="3834">
      <class name="api.test.TC003_UserTestsPropertiesRoutesURL">
        <test-method is-config="true" signature="setup()[pri:0, instance:api.test.TC003_UserTestsPropertiesRoutesURL@708f5957]" started-at="2024-01-23T10:57:34 EST" name="setup" finished-at="2024-01-23T10:57:35 EST" duration-ms="843" status="PASS">
          <reporter-output>
          </reporter-output>
        </test-method> <!-- setup -->
        <test-method signature="verify_postUser()[pri:1, instance:api.test.TC003_UserTestsPropertiesRoutesURL@708f5957]" started-at="2024-01-23T10:57:35 EST" name="verify_postUser" finished-at="2024-01-23T10:57:37 EST" duration-ms="2257" status="PASS">
          <reporter-output>
          </reporter-output>
        </test-method> <!-- verify_postUser -->
        <test-method signature="verify_GetUserByName()[pri:2, instance:api.test.TC003_UserTestsPropertiesRoutesURL@708f5957]" started-at="2024-01-23T10:57:37 EST" name="verify_GetUserByName" finished-at="2024-01-23T10:57:37 EST" duration-ms="175" status="PASS">
          <reporter-output>
          </reporter-output>
        </test-method> <!-- verify_GetUserByName -->
        <test-method signature="verify_updateUserByName()[pri:3, instance:api.test.TC003_UserTestsPropertiesRoutesURL@708f5957]" started-at="2024-01-23T10:57:37 EST" name="verify_updateUserByName" finished-at="2024-01-23T10:57:37 EST" duration-ms="138" status="PASS">
          <reporter-output>
          </reporter-output>
        </test-method> <!-- verify_updateUserByName -->
        <test-method signature="verify_deleteUserByName()[pri:4, instance:api.test.TC003_UserTestsPropertiesRoutesURL@708f5957]" started-at="2024-01-23T10:57:37 EST" name="verify_deleteUserByName" finished-at="2024-01-23T10:57:37 EST" duration-ms="132" status="PASS">
          <reporter-output>
          </reporter-output>
        </test-method> <!-- verify_deleteUserByName -->
      </class> <!-- api.test.TC003_UserTestsPropertiesRoutesURL -->
    </test> <!-- PetTests -->
  </suite> <!-- PetSuite -->
</testng-results>
