<?xml version="1.0" encoding="UTF-8"?>
<testng-results ignored="0" total="4" passed="4" failed="0" skipped="0">
  <reporter-output>
  </reporter-output>
  <suite started-at="2024-01-23T09:58:52 EST" name="PetSuite" finished-at="2024-01-23T10:03:39 EST" duration-ms="286560">
    <groups>
    </groups>
    <test started-at="2024-01-23T09:58:52 EST" name="PetTests" finished-at="2024-01-23T10:03:39 EST" duration-ms="286560">
      <class name="api.test.TC003_UserTestsPropertiesRoutesURL">
        <test-method is-config="true" signature="setup()[pri:0, instance:api.test.TC003_UserTestsPropertiesRoutesURL@31304f14]" started-at="2024-01-23T09:58:52 EST" name="setup" finished-at="2024-01-23T09:58:53 EST" duration-ms="945" status="PASS">
          <reporter-output>
          </reporter-output>
        </test-method> <!-- setup -->
        <test-method signature="verify_postUser()[pri:1, instance:api.test.TC003_UserTestsPropertiesRoutesURL@31304f14]" started-at="2024-01-23T09:58:53 EST" name="verify_postUser" finished-at="2024-01-23T10:03:15 EST" duration-ms="261812" status="PASS">
          <reporter-output>
          </reporter-output>
        </test-method> <!-- verify_postUser -->
        <test-method signature="verify_GetUserByName()[pri:2, instance:api.test.TC003_UserTestsPropertiesRoutesURL@31304f14]" started-at="2024-01-23T10:03:24 EST" name="verify_GetUserByName" finished-at="2024-01-23T10:03:35 EST" duration-ms="11683" status="PASS">
          <reporter-output>
          </reporter-output>
        </test-method> <!-- verify_GetUserByName -->
        <test-method signature="verify_updateUserByName()[pri:3, instance:api.test.TC003_UserTestsPropertiesRoutesURL@31304f14]" started-at="2024-01-23T10:03:35 EST" name="verify_updateUserByName" finished-at="2024-01-23T10:03:37 EST" duration-ms="1741" status="PASS">
          <reporter-output>
          </reporter-output>
        </test-method> <!-- verify_updateUserByName -->
        <test-method signature="verify_deleteUserByName()[pri:4, instance:api.test.TC003_UserTestsPropertiesRoutesURL@31304f14]" started-at="2024-01-23T10:03:37 EST" name="verify_deleteUserByName" finished-at="2024-01-23T10:03:39 EST" duration-ms="1586" status="PASS">
          <reporter-output>
          </reporter-output>
        </test-method> <!-- verify_deleteUserByName -->
      </class> <!-- api.test.TC003_UserTestsPropertiesRoutesURL -->
    </test> <!-- PetTests -->
  </suite> <!-- PetSuite -->
</testng-results>
