<?xml version="1.0" encoding="UTF-8"?>
<!-- Generated by org.testng.reporters.JUnitXMLReporter -->
<testsuite ignored="0" hostname="WINDOWS-1DOT8LB" failures="0" tests="4" name="PetTests" time="286.56" errors="0" timestamp="2024-01-23T10:03:39 EST">
  <testcase classname="api.test.TC003_UserTestsPropertiesRoutesURL" name="verify_postUser" time="261.812"/>
  <testcase classname="api.test.TC003_UserTestsPropertiesRoutesURL" name="verify_GetUserByName" time="11.683"/>
  <testcase classname="api.test.TC003_UserTestsPropertiesRoutesURL" name="verify_updateUserByName" time="1.741"/>
  <testcase classname="api.test.TC003_UserTestsPropertiesRoutesURL" name="verify_deleteUserByName" time="1.586"/>
</testsuite> <!-- PetTests -->
